<?xml version="1.0" encoding="UTF-8"?>
<testsuite xmlns:xsi="http://www.w3.org/2001/XMLSchema-instance" xsi:noNamespaceSchemaLocation="https://maven.apache.org/surefire/maven-surefire-plugin/xsd/surefire-test-report-3.0.xsd" version="3.0" name="FormacaoServiceTestJUnit" time="10.841" tests="2" errors="0" skipped="0" failures="0">
  <properties>
[...]
</properties>
  <testcase name="naoDevePermitirCadastroComCpfDuplicado" classname="FormacaoServiceTestJUnit" time="1.045">
    <system-out><![CDATA[22:05:06.068 [main] INFO org.springframework.boot.devtools.restart.RestartApplicationListener -- Restart disabled due to context in which it is running

  .   ____          _            __ _ _
 /\\ / ___'_ __ _ _(_)_ __  __ _ \ \ \ \
( ( )\___ | '_ | '_| | '_ \/ _` | \ \ \ \
 \\/  ___)| |_)| | | | | || (_| |  ) ) ) )
  '  |____| .__|_| |_|_| |_\__, | / / / /
 =========|_|==============|___/=/_/_/_/
 :: Spring Boot ::                (v3.2.5)

2025-07-01T22:05:06.540-04:00  INFO 8900 --- [           main] FormacaoServiceTestJUnit                 : Starting FormacaoServiceTestJUnit using Java 20.0.1 with PID 8900 (started by Rosilane in C:\Users\Rosilane\Documents\minhas atividadesTec.DS\modulo3\Projeto Integrador\findAJobWeb)
2025-07-01T22:05:06.542-04:00  INFO 8900 --- [           main] FormacaoServiceTestJUnit                 : No active profile set, falling back to 1 default profile: "default"
2025-07-01T22:05:07.871-04:00  INFO 8900 --- [           main] .s.d.r.c.RepositoryConfigurationDelegate : Bootstrapping Spring Data JPA repositories in DEFAULT mode.
2025-07-01T22:05:07.998-04:00  INFO 8900 --- [           main] .s.d.r.c.RepositoryConfigurationDelegate : Finished Spring Data repository scanning in 113 ms. Found 4 JPA repository interfaces.
2025-07-01T22:05:08.905-04:00  INFO 8900 --- [           main] o.hibernate.jpa.internal.util.LogHelper  : HHH000204: Processing PersistenceUnitInfo [name: default]
2025-07-01T22:05:09.018-04:00  INFO 8900 --- [           main] org.hibernate.Version                    : HHH000412: Hibernate ORM core version 6.6.3.Final
2025-07-01T22:05:09.075-04:00  INFO 8900 --- [           main] o.h.c.internal.RegionFactoryInitiator    : HHH000026: Second-level cache disabled
2025-07-01T22:05:09.703-04:00  INFO 8900 --- [           main] o.s.o.j.p.SpringPersistenceUnitInfo      : No LoadTimeWeaver setup: ignoring JPA class transformer
2025-07-01T22:05:09.760-04:00  INFO 8900 --- [           main] com.zaxxer.hikari.HikariDataSource       : HikariPool-1 - Starting...
2025-07-01T22:05:10.455-04:00  INFO 8900 --- [           main] com.zaxxer.hikari.pool.HikariPool        : HikariPool-1 - Added connection com.mysql.cj.jdbc.ConnectionImpl@9dc782d
2025-07-01T22:05:10.458-04:00  INFO 8900 --- [           main] com.zaxxer.hikari.HikariDataSource       : HikariPool-1 - Start completed.
2025-07-01T22:05:10.551-04:00  WARN 8900 --- [           main] org.hibernate.orm.deprecation            : HHH90000025: MySQLDialect does not need to be specified explicitly using 'hibernate.dialect' (remove the property setting and it will be selected by default)
2025-07-01T22:05:10.588-04:00  INFO 8900 --- [           main] org.hibernate.orm.connections.pooling    : HHH10001005: Database info:
	Database JDBC URL [Connecting through datasource 'HikariDataSource (HikariPool-1)']
	Database driver: undefined/unknown
	Database version: 8.0.33
	Autocommit mode: undefined/unknown
	Isolation level: undefined/unknown
	Minimum pool size: undefined/unknown
	Maximum pool size: undefined/unknown
2025-07-01T22:05:12.281-04:00  INFO 8900 --- [           main] o.h.e.t.j.p.i.JtaPlatformInitiator       : HHH000489: No JTA platform available (set 'hibernate.transaction.jta.platform' to enable JTA platform integration)
2025-07-01T22:05:12.425-04:00  INFO 8900 --- [           main] j.LocalContainerEntityManagerFactoryBean : Initialized JPA EntityManagerFactory for persistence unit 'default'
2025-07-01T22:05:12.984-04:00  INFO 8900 --- [           main] o.s.d.j.r.query.QueryEnhancerFactory     : Hibernate is in classpath; If applicable, HQL parser will be used.
2025-07-01T22:05:14.386-04:00  WARN 8900 --- [           main] JpaBaseConfiguration$JpaWebConfiguration : spring.jpa.open-in-view is enabled by default. Therefore, database queries may be performed during view rendering. Explicitly configure spring.jpa.open-in-view to disable this warning
2025-07-01T22:05:15.082-04:00  INFO 8900 --- [           main] FormacaoServiceTestJUnit                 : Started FormacaoServiceTestJUnit in 9.04 seconds (process running for 10.555)
Hibernate: insert into usuario (email,senha,tipo_usuario) values (?,?,?)
Hibernate: insert into tb_candidato (cpf,descricao_carreira,nome,id_usuario) values (?,?,?,?)
Hibernate: insert into formacao_academica (cidade,curso,id_candidato,instituicao) values (?,?,?,?)
Hibernate: insert into usuario (email,senha,tipo_usuario) values (?,?,?)
Hibernate: insert into tb_candidato (cpf,descricao_carreira,nome,id_usuario) values (?,?,?,?)
2025-07-01T22:05:15.965-04:00  WARN 8900 --- [           main] o.h.engine.jdbc.spi.SqlExceptionHelper   : SQL Error: 1062, SQLState: 23000
2025-07-01T22:05:15.965-04:00 ERROR 8900 --- [           main] o.h.engine.jdbc.spi.SqlExceptionHelper   : Duplicate entry '111.222.333-44' for key 'tb_candidato.UKh1re9833o6j7u4dhpf0gowgbr'
Hibernate: select c1_0.id_candidato,c1_0.cpf,c1_0.descricao_carreira,c1_0.nome,c1_0.id_usuario from tb_candidato c1_0
Hibernate: select fa1_0.id_formacao,fa1_0.cidade,fa1_0.curso,fa1_0.id_candidato,ic1_0.id_candidato,ic1_0.cpf,ic1_0.descricao_carreira,ic1_0.nome,u1_0.id_usuario,u1_0.email,u1_0.senha,u1_0.tipo_usuario,fa1_0.instituicao from formacao_academica fa1_0 join tb_candidato ic1_0 on ic1_0.id_candidato=fa1_0.id_candidato left join usuario u1_0 on u1_0.id_usuario=ic1_0.id_usuario where fa1_0.id_candidato=?
Hibernate: select fa1_0.id_formacao,fa1_0.cidade,fa1_0.curso,fa1_0.id_candidato,ic1_0.id_candidato,ic1_0.cpf,ic1_0.descricao_carreira,ic1_0.nome,u1_0.id_usuario,u1_0.email,u1_0.senha,u1_0.tipo_usuario,fa1_0.instituicao from formacao_academica fa1_0 join tb_candidato ic1_0 on ic1_0.id_candidato=fa1_0.id_candidato left join usuario u1_0 on u1_0.id_usuario=ic1_0.id_usuario where fa1_0.id_candidato=?
Hibernate: delete from formacao_academica where id_formacao=?
Hibernate: delete from tb_candidato where id_candidato=?
Hibernate: delete from usuario where id_usuario=?
Hibernate: delete from formacao_academica where id_formacao=?
Hibernate: delete from tb_candidato where id_candidato=?
Hibernate: delete from usuario where id_usuario=?
Hibernate: select u1_0.id_usuario,u1_0.email,u1_0.senha,u1_0.tipo_usuario from usuario u1_0
]]></system-out>
  </testcase>
  <testcase name="deveBuscarCandidatosPorCurso" classname="FormacaoServiceTestJUnit" time="0.075">
    <system-out><![CDATA[Hibernate: insert into usuario (email,senha,tipo_usuario) values (?,?,?)
Hibernate: insert into tb_candidato (cpf,descricao_carreira,nome,id_usuario) values (?,?,?,?)
Hibernate: insert into formacao_academica (cidade,curso,id_candidato,instituicao) values (?,?,?,?)
Hibernate: select fa1_0.id_formacao,fa1_0.cidade,fa1_0.curso,fa1_0.id_candidato,fa1_0.instituicao from formacao_academica fa1_0 where upper(fa1_0.curso)=upper(?)
Hibernate: select c1_0.id_candidato,c1_0.cpf,c1_0.descricao_carreira,c1_0.nome,c1_0.id_usuario from tb_candidato c1_0
Hibernate: select fa1_0.id_formacao,fa1_0.cidade,fa1_0.curso,fa1_0.id_candidato,ic1_0.id_candidato,ic1_0.cpf,ic1_0.descricao_carreira,ic1_0.nome,u1_0.id_usuario,u1_0.email,u1_0.senha,u1_0.tipo_usuario,fa1_0.instituicao from formacao_academica fa1_0 join tb_candidato ic1_0 on ic1_0.id_candidato=fa1_0.id_candidato left join usuario u1_0 on u1_0.id_usuario=ic1_0.id_usuario where fa1_0.id_candidato=?
Hibernate: delete from formacao_academica where id_formacao=?
Hibernate: delete from tb_candidato where id_candidato=?
Hibernate: delete from usuario where id_usuario=?
Hibernate: delete from formacao_academica where id_formacao=?
Hibernate: delete from tb_candidato where id_candidato=?
Hibernate: delete from usuario where id_usuario=?
Hibernate: select u1_0.id_usuario,u1_0.email,u1_0.senha,u1_0.tipo_usuario from usuario u1_0
]]></system-out>
  </testcase>
</testsuite>